0 info it worked if it ends with ok
1 verbose cli [ 'C:\\nodejs\\node.exe',
1 verbose cli   'C:\\nodejs\\node_modules\\npm\\bin\\npm-cli.js',
1 verbose cli   'publish' ]
2 info using npm@4.0.3
3 info using node@v6.5.0
4 verbose publish [ '.' ]
5 silly cache add args [ '.', null ]
6 verbose cache add spec .
7 silly cache add parsed spec Result {
7 silly cache add   raw: '.',
7 silly cache add   scope: null,
7 silly cache add   escapedName: null,
7 silly cache add   name: null,
7 silly cache add   rawSpec: '.',
7 silly cache add   spec: 'c:\\nodejs\\nearbypoint',
7 silly cache add   type: 'directory' }
8 verbose addLocalDirectory C:\Users\bpineda\AppData\Roaming\npm-cache\nearbypoint\1.0.0\package.tgz not in flight; packing
9 verbose correctMkdir C:\Users\bpineda\AppData\Roaming\npm-cache correctMkdir not in flight; initializing
10 info lifecycle nearbypoint@1.0.0~prepublish: nearbypoint@1.0.0
11 silly lifecycle nearbypoint@1.0.0~prepublish: no script for prepublish, continuing
12 info lifecycle nearbypoint@1.0.0~prepare: nearbypoint@1.0.0
13 silly lifecycle nearbypoint@1.0.0~prepare: no script for prepare, continuing
14 verbose tar pack [ 'C:\\Users\\bpineda\\AppData\\Roaming\\npm-cache\\nearbypoint\\1.0.0\\package.tgz',
14 verbose tar pack   'c:\\nodejs\\nearbypoint' ]
15 verbose tarball C:\Users\bpineda\AppData\Roaming\npm-cache\nearbypoint\1.0.0\package.tgz
16 verbose folder c:\nodejs\nearbypoint
17 verbose addLocalTarball adding from inside cache C:\Users\bpineda\AppData\Roaming\npm-cache\nearbypoint\1.0.0\package.tgz
18 verbose correctMkdir C:\Users\bpineda\AppData\Roaming\npm-cache correctMkdir not in flight; initializing
19 silly cache afterAdd nearbypoint@1.0.0
20 verbose afterAdd C:\Users\bpineda\AppData\Roaming\npm-cache\nearbypoint\1.0.0\package\package.json not in flight; writing
21 verbose correctMkdir C:\Users\bpineda\AppData\Roaming\npm-cache correctMkdir not in flight; initializing
22 verbose afterAdd C:\Users\bpineda\AppData\Roaming\npm-cache\nearbypoint\1.0.0\package\package.json written
23 silly publish { name: 'nearbypoint',
23 silly publish   version: '1.0.0',
23 silly publish   description: 'Get the nearby point to one location (lat, lon) in a route',
23 silly publish   main: 'index.js',
23 silly publish   scripts: { test: 'mocha' },
23 silly publish   repository:
23 silly publish    { type: 'git',
23 silly publish      url: 'git+https://github.com/bpinedah/nearbypoint.git' },
23 silly publish   keywords: [ 'nearby', 'nearbypoint' ],
23 silly publish   author:
23 silly publish    { name: 'Bruno Pineda',
23 silly publish      email: 'bpinedah@gmail.com',
23 silly publish      url: 'https://github.com/bpinedah' },
23 silly publish   license: 'ISC',
23 silly publish   bugs: { url: 'https://github.com/bpinedah/nearbypoint/issues' },
23 silly publish   homepage: 'https://github.com/bpinedah/nearbypoint#readme',
23 silly publish   devDependencies: { chai: '^3.5.0', mocha: '^3.2.0' },
23 silly publish   dependencies: { async: '^2.1.4', underscore: '^1.8.3' },
23 silly publish   readme: '# nearbypoint\r\nGet the nearby point to one location (lat, lon) in a route\r\n',
23 silly publish   readmeFilename: 'README.md',
23 silly publish   gitHead: '8431b2d4ce6eb91a0a79e69aabb7be3690f95e1a',
23 silly publish   _id: 'nearbypoint@1.0.0',
23 silly publish   _shasum: '3de802943dcafcd73670c4b70eb9e633f3d83814',
23 silly publish   _from: '.' }
24 info lifecycle nearbypoint@1.0.0~prepublishOnly: nearbypoint@1.0.0
25 silly lifecycle nearbypoint@1.0.0~prepublishOnly: no script for prepublishOnly, continuing
26 verbose getPublishConfig undefined
27 silly mapToRegistry name nearbypoint
28 silly mapToRegistry using default registry
29 silly mapToRegistry registry https://registry.npmjs.org/
30 silly mapToRegistry data Result {
30 silly mapToRegistry   raw: 'nearbypoint',
30 silly mapToRegistry   scope: null,
30 silly mapToRegistry   escapedName: 'nearbypoint',
30 silly mapToRegistry   name: 'nearbypoint',
30 silly mapToRegistry   rawSpec: '',
30 silly mapToRegistry   spec: 'latest',
30 silly mapToRegistry   type: 'tag' }
31 silly mapToRegistry uri https://registry.npmjs.org/nearbypoint
32 verbose publish registryBase https://registry.npmjs.org/
33 silly publish uploading C:\Users\bpineda\AppData\Roaming\npm-cache\nearbypoint\1.0.0\package.tgz
34 verbose request uri https://registry.npmjs.org/nearbypoint
35 verbose request sending authorization for write operation
36 info attempt registry request try #1 at 17:43:19
37 verbose request using bearer token for auth
38 verbose request id b8ca7ae205864cee
39 http request PUT https://registry.npmjs.org/nearbypoint
40 http 403 https://registry.npmjs.org/nearbypoint
41 verbose headers { 'content-type': 'application/json',
41 verbose headers   'cache-control': 'max-age=300',
41 verbose headers   'content-length': '95',
41 verbose headers   'accept-ranges': 'bytes',
41 verbose headers   date: 'Thu, 19 Jan 2017 23:43:22 GMT',
41 verbose headers   via: '1.1 varnish',
41 verbose headers   connection: 'keep-alive',
41 verbose headers   'x-served-by': 'cache-dfw1837-DFW',
41 verbose headers   'x-cache': 'MISS',
41 verbose headers   'x-cache-hits': '0',
41 verbose headers   'x-timer': 'S1484869402.259375,VS0,VE711',
41 verbose headers   vary: 'Accept-Encoding' }
42 verbose request invalidating C:\Users\bpineda\AppData\Roaming\npm-cache\registry.npmjs.org\nearbypoint on PUT
43 error publish Failed PUT 403
44 verbose stack Error: "You cannot publish over the previously published version 1.0.0." : nearbypoint
44 verbose stack     at makeError (C:\nodejs\node_modules\npm\node_modules\npm-registry-client\lib\request.js:302:12)
44 verbose stack     at CachingRegistryClient.<anonymous> (C:\nodejs\node_modules\npm\node_modules\npm-registry-client\lib\request.js:290:14)
44 verbose stack     at Request._callback (C:\nodejs\node_modules\npm\node_modules\npm-registry-client\lib\request.js:210:14)
44 verbose stack     at Request.self.callback (C:\nodejs\node_modules\npm\node_modules\request\request.js:186:22)
44 verbose stack     at emitTwo (events.js:106:13)
44 verbose stack     at Request.emit (events.js:191:7)
44 verbose stack     at Request.<anonymous> (C:\nodejs\node_modules\npm\node_modules\request\request.js:1081:10)
44 verbose stack     at emitOne (events.js:96:13)
44 verbose stack     at Request.emit (events.js:188:7)
44 verbose stack     at IncomingMessage.<anonymous> (C:\nodejs\node_modules\npm\node_modules\request\request.js:1001:12)
45 verbose statusCode 403
46 verbose pkgid nearbypoint
47 verbose cwd c:\nodejs\nearbypoint
48 error Windows_NT 10.0.14393
49 error argv "C:\\nodejs\\node.exe" "C:\\nodejs\\node_modules\\npm\\bin\\npm-cli.js" "publish"
50 error node v6.5.0
51 error npm  v4.0.3
52 error code E403
53 error "You cannot publish over the previously published version 1.0.0." : nearbypoint
54 error If you need help, you may report this error at:
54 error     <https://github.com/npm/npm/issues>
55 verbose exit [ 1, true ]
